  main.cpp
c:\users\cbishop5\documents\github\mdu118leveleditorrepo\mdu118\sfml template\main.cpp(136): warning C4018: '<': signed/unsigned mismatch
c:\users\cbishop5\documents\github\mdu118leveleditorrepo\mdu118\sfml template\main.cpp(137): warning C4018: '<': signed/unsigned mismatch
c:\users\cbishop5\documents\github\mdu118leveleditorrepo\mdu118\sfml template\main.cpp(149): warning C4018: '<': signed/unsigned mismatch
c:\users\cbishop5\documents\github\mdu118leveleditorrepo\mdu118\sfml template\main.cpp(150): warning C4018: '<': signed/unsigned mismatch
c:\users\cbishop5\documents\github\mdu118leveleditorrepo\mdu118\sfml template\main.cpp(160): warning C4018: '<': signed/unsigned mismatch
c:\users\cbishop5\documents\github\mdu118leveleditorrepo\mdu118\sfml template\main.cpp(161): warning C4018: '<': signed/unsigned mismatch
c:\users\cbishop5\documents\github\mdu118leveleditorrepo\mdu118\sfml template\main.cpp(180): warning C4018: '<': signed/unsigned mismatch
c:\users\cbishop5\documents\github\mdu118leveleditorrepo\mdu118\sfml template\main.cpp(181): warning C4018: '<': signed/unsigned mismatch
c:\users\cbishop5\documents\github\mdu118leveleditorrepo\mdu118\sfml template\main.cpp(287): warning C4244: 'initializing': conversion from 'sf::Int64' to 'float', possible loss of data
c:\users\cbishop5\documents\github\mdu118leveleditorrepo\mdu118\sfml template\main.cpp(390): error C4996: 'sf::Text::setColor': was declared deprecated
  c:\users\cbishop5\documents\sfml-2.5.1-windows-vc15-64-bit\sfml-2.5.1\include\sfml\graphics\text.hpp(210): note: see declaration of 'sf::Text::setColor'
c:\users\cbishop5\documents\github\mdu118leveleditorrepo\mdu118\sfml template\main.cpp(396): error C4996: 'sf::Text::setColor': was declared deprecated
  c:\users\cbishop5\documents\sfml-2.5.1-windows-vc15-64-bit\sfml-2.5.1\include\sfml\graphics\text.hpp(210): note: see declaration of 'sf::Text::setColor'
c:\users\cbishop5\documents\github\mdu118leveleditorrepo\mdu118\sfml template\main.cpp(402): error C4996: 'sf::Text::setColor': was declared deprecated
  c:\users\cbishop5\documents\sfml-2.5.1-windows-vc15-64-bit\sfml-2.5.1\include\sfml\graphics\text.hpp(210): note: see declaration of 'sf::Text::setColor'
c:\users\cbishop5\documents\github\mdu118leveleditorrepo\mdu118\sfml template\main.cpp(408): error C4996: 'sf::Text::setColor': was declared deprecated
  c:\users\cbishop5\documents\sfml-2.5.1-windows-vc15-64-bit\sfml-2.5.1\include\sfml\graphics\text.hpp(210): note: see declaration of 'sf::Text::setColor'
c:\users\cbishop5\documents\github\mdu118leveleditorrepo\mdu118\sfml template\main.cpp(414): error C4996: 'sf::Text::setColor': was declared deprecated
  c:\users\cbishop5\documents\sfml-2.5.1-windows-vc15-64-bit\sfml-2.5.1\include\sfml\graphics\text.hpp(210): note: see declaration of 'sf::Text::setColor'
c:\users\cbishop5\documents\github\mdu118leveleditorrepo\mdu118\sfml template\main.cpp(420): error C4996: 'sf::Text::setColor': was declared deprecated
  c:\users\cbishop5\documents\sfml-2.5.1-windows-vc15-64-bit\sfml-2.5.1\include\sfml\graphics\text.hpp(210): note: see declaration of 'sf::Text::setColor'
c:\users\cbishop5\documents\github\mdu118leveleditorrepo\mdu118\sfml template\main.cpp(426): error C4996: 'sf::Text::setColor': was declared deprecated
  c:\users\cbishop5\documents\sfml-2.5.1-windows-vc15-64-bit\sfml-2.5.1\include\sfml\graphics\text.hpp(210): note: see declaration of 'sf::Text::setColor'
c:\users\cbishop5\documents\github\mdu118leveleditorrepo\mdu118\sfml template\main.cpp(480): warning C4244: 'argument': conversion from 'double' to 'float', possible loss of data
c:\users\cbishop5\documents\github\mdu118leveleditorrepo\mdu118\sfml template\main.cpp(485): warning C4244: 'argument': conversion from 'double' to 'float', possible loss of data
c:\users\cbishop5\documents\github\mdu118leveleditorrepo\mdu118\sfml template\main.cpp(513): warning C4244: 'initializing': conversion from 'T' to 'int', possible loss of data
          with
          [
              T=float
          ]
c:\users\cbishop5\documents\github\mdu118leveleditorrepo\mdu118\sfml template\main.cpp(514): warning C4244: 'argument': conversion from 'int' to 'float', possible loss of data
c:\users\cbishop5\documents\github\mdu118leveleditorrepo\mdu118\sfml template\main.cpp(522): warning C4244: 'initializing': conversion from 'T' to 'int', possible loss of data
          with
          [
              T=float
          ]
c:\users\cbishop5\documents\github\mdu118leveleditorrepo\mdu118\sfml template\main.cpp(533): warning C4244: 'initializing': conversion from 'T' to 'int', possible loss of data
          with
          [
              T=float
          ]
c:\users\cbishop5\documents\github\mdu118leveleditorrepo\mdu118\sfml template\main.cpp(568): warning C4244: 'initializing': conversion from 'T' to 'int', possible loss of data
          with
          [
              T=float
          ]
