  app.cpp
c:\users\cedarbishop\documents\github\mdu118leveleditorrepo\mdu118\leveleditor\app.cpp(21): warning C4244: 'argument': conversion from 'time_t' to 'unsigned int', possible loss of data
c:\users\cedarbishop\documents\github\mdu118leveleditorrepo\mdu118\leveleditor\app.cpp(106): warning C4244: 'argument': conversion from 'T' to 'T', possible loss of data
          with
          [
              T=unsigned int
          ]
          and
          [
              T=float
          ]
c:\users\cedarbishop\documents\github\mdu118leveleditorrepo\mdu118\leveleditor\app.cpp(112): warning C4244: 'argument': conversion from 'int' to 'T', possible loss of data
          with
          [
              T=float
          ]
c:\users\cedarbishop\documents\github\mdu118leveleditorrepo\mdu118\leveleditor\app.cpp(121): warning C4244: 'argument': conversion from 'T' to 'T', possible loss of data
          with
          [
              T=unsigned int
          ]
          and
          [
              T=float
          ]
c:\users\cedarbishop\documents\github\mdu118leveleditorrepo\mdu118\leveleditor\app.cpp(130): warning C4244: 'argument': conversion from 'T' to 'T', possible loss of data
          with
          [
              T=unsigned int
          ]
          and
          [
              T=float
          ]
  LevelEditor.vcxproj -> C:\Users\CedarBishop\Documents\GitHub\MDU118LevelEditorRepo\MDU118\x64\Debug\LevelEditor.exe
